SF:lib/weather/cubit/weather_state.dart
DA:6,0
DA:7,0
DA:8,2
DA:9,0
DA:14,2
DA:18,2
DA:20,1
DA:21,1
DA:27,1
DA:32,1
DA:33,1
DA:34,1
DA:35,1
DA:39,2
DA:41,1
DA:42,4
LF:16
LH:13
end_of_record
SF:lib/weather/cubit/weather_cubit.dart
DA:14,3
DA:18,1
DA:19,1
DA:21,3
DA:24,1
DA:25,2
DA:27,2
DA:28,1
DA:29,3
DA:30,2
DA:32,1
DA:33,2
DA:36,2
DA:39,1
DA:40,3
DA:44,1
DA:45,3
DA:46,4
DA:48,1
DA:49,5
DA:51,2
DA:52,1
DA:53,3
DA:54,2
DA:56,1
DA:57,2
DA:60,2
DA:63,1
DA:64,2
DA:68,1
DA:69,3
DA:73,3
DA:74,3
DA:78,2
DA:79,2
DA:80,1
DA:81,1
DA:82,2
DA:83,2
DA:84,1
DA:85,2
DA:87,2
DA:93,1
DA:95,1
DA:97,1
DA:98,1
DA:102,4
DA:103,4
LF:48
LH:48
end_of_record
SF:lib/weather/cubit/weather_cubit.g.dart
DA:9,1
DA:10,1
DA:13,1
DA:14,1
DA:15,1
DA:17,1
DA:18,1
DA:20,1
DA:22,1
DA:23,1
DA:25,1
DA:27,1
DA:29,1
DA:36,1
DA:37,1
DA:38,2
DA:39,2
DA:41,2
LF:18
LH:18
end_of_record
SF:lib/weather/models/weather.dart
DA:12,2
DA:13,4
DA:18,4
DA:20,1
DA:21,1
DA:25,2
DA:27,1
DA:28,2
DA:33,2
DA:40,1
DA:41,1
DA:43,1
DA:44,1
DA:45,1
DA:46,1
DA:47,1
DA:48,2
DA:52,6
DA:54,2
DA:64,1
DA:65,5
DA:67,2
DA:69,1
DA:75,1
DA:76,1
DA:77,1
DA:78,1
DA:79,0
LF:28
LH:27
end_of_record
SF:lib/weather/models/weather.g.dart
DA:9,2
DA:12,1
DA:13,1
DA:14,3
DA:20,1
DA:21,1
DA:22,1
DA:25,2
DA:28,1
DA:29,1
DA:30,1
DA:31,2
DA:32,1
DA:33,2
DA:34,2
DA:35,1
DA:36,2
DA:43,2
DA:44,2
DA:45,2
DA:46,1
DA:47,2
LF:22
LH:22
end_of_record
SF:lib/settings/view/settings_page.dart
DA:8,3
DA:10,1
DA:11,1
DA:12,2
DA:19,1
DA:21,1
DA:22,1
DA:23,1
DA:24,1
DA:25,1
DA:26,1
DA:27,3
DA:28,1
DA:29,1
DA:35,1
DA:36,2
DA:37,3
LF:17
LH:17
end_of_record
SF:lib/theme/cubit/theme_cubit.dart
DA:7,2
DA:11,1
DA:12,2
DA:15,1
DA:17,3
DA:20,1
DA:22,3
DA:27,1
DA:28,1
DA:29,1
DA:31,1
DA:33,1
DA:35,1
DA:37,1
LF:14
LH:14
end_of_record
SF:lib/weather/view/weather_page.dart
DA:11,0
DA:13,0
DA:15,0
DA:16,0
DA:23,3
DA:25,0
DA:26,0
DA:30,0
DA:32,0
DA:34,0
DA:35,0
DA:36,0
DA:38,0
DA:39,0
DA:40,0
DA:46,0
DA:47,0
DA:48,0
DA:49,0
DA:50,0
DA:53,0
DA:54,0
DA:55,0
DA:57,0
DA:59,0
DA:60,0
DA:61,0
DA:62,0
DA:63,0
DA:64,0
DA:67,0
DA:73,0
DA:75,0
DA:76,0
DA:77,0
DA:78,0
LF:36
LH:1
end_of_record
SF:lib/search/view/search_page.dart
DA:4,4
DA:6,1
DA:7,2
DA:10,1
DA:11,1
DA:17,3
DA:19,1
DA:21,2
DA:22,1
DA:25,1
DA:27,1
DA:28,1
DA:29,1
DA:30,1
DA:31,1
DA:32,1
DA:34,1
DA:35,1
DA:43,1
DA:46,4
LF:20
LH:20
end_of_record
SF:lib/weather/widgets/weather_empty.dart
DA:4,3
DA:6,0
DA:8,0
DA:9,0
DA:11,0
DA:13,0
DA:15,0
LF:7
LH:1
end_of_record
SF:lib/weather/widgets/weather_error.dart
DA:4,3
DA:6,0
DA:8,0
DA:9,0
DA:11,0
DA:13,0
DA:15,0
LF:7
LH:1
end_of_record
SF:lib/weather/widgets/weather_loading.dart
DA:4,3
DA:6,0
DA:8,0
DA:9,0
DA:11,0
DA:13,0
DA:15,0
LF:7
LH:1
end_of_record
SF:lib/weather/widgets/weather_populated.dart
DA:6,0
DA:17,0
DA:19,0
DA:20,0
DA:21,0
DA:22,0
DA:23,0
DA:24,0
DA:25,0
DA:28,0
DA:29,0
DA:30,0
DA:32,0
DA:33,0
DA:34,0
DA:35,0
DA:39,0
DA:40,0
DA:41,0
DA:45,0
DA:46,0
DA:59,0
DA:65,0
DA:67,0
DA:68,0
DA:75,0
DA:77,0
DA:79,0
DA:81,0
DA:83,0
DA:85,0
DA:92,0
DA:94,0
DA:95,0
DA:96,0
DA:97,0
DA:98,0
DA:102,0
DA:104,0
DA:105,0
DA:106,0
DA:116,0
DA:118,0
DA:121,0
DA:122,0
DA:123,0
DA:124,0
DA:125,0
DA:126,0
DA:132,0
DA:133,0
LF:51
LH:0
end_of_record
